<?xml version="1.0" encoding="UTF-8"?>
<testsuite name="rspec" tests="42" skipped="0" failures="0" errors="0" time="1.250685" timestamp="2021-02-22T09:47:47-03:00" hostname="DESKTOP-ATNO93A">
<properties>
<property name="seed" value="36857"/>
</properties>
<testcase classname="spec.scenarios.booking_post_spec" name="POST /equipos/{equipo_id}/bookings solicitar locacao deve retornar 200" file="./spec/scenarios/booking_post_spec.rb" time="0.005676"></testcase>
<testcase classname="spec.scenarios.equipo_delete_spec" name="DELETE /equipos/{equipo_id} obter unico equipo deve retornar 204" file="./spec/scenarios/equipo_delete_spec.rb" time="0.000127"></testcase>
<testcase classname="spec.scenarios.equipo_delete_spec" name="DELETE /equipos/{equipo_id} equipo nao existe deve retornar 204" file="./spec/scenarios/equipo_delete_spec.rb" time="0.000123"></testcase>
<testcase classname="spec.scenarios.equipo_get_spec" name="GET /equipos/{equipo_id} obter unico equipo deve retornar 200" file="./spec/scenarios/equipo_get_spec.rb" time="0.000121"></testcase>
<testcase classname="spec.scenarios.equipo_get_spec" name="GET /equipos/{equipo_id} obter unico equipo deve retornar o nome" file="./spec/scenarios/equipo_get_spec.rb" time="0.010719"></testcase>
<testcase classname="spec.scenarios.equipo_get_spec" name="GET /equipos/{equipo_id} equipo nao existe deve retornar 404" file="./spec/scenarios/equipo_get_spec.rb" time="0.000117"></testcase>
<testcase classname="spec.scenarios.equipo_get_spec" name="GET /equipos obter uma lista deve retornar 200" file="./spec/scenarios/equipo_get_spec.rb" time="0.000124"></testcase>
<testcase classname="spec.scenarios.equipo_get_spec" name="GET /equipos obter uma lista deve retornar uma lista de equipos" file="./spec/scenarios/equipo_get_spec.rb" time="0.011691"></testcase>
<testcase classname="spec.scenarios.equipo_post_spec" name="POST /equipos novo equipo deve retornar 200" file="./spec/scenarios/equipo_post_spec.rb" time="0.000140"></testcase>
<testcase classname="spec.scenarios.equipo_post_spec" name="POST /equipos nao autorizado deve retornar 401" file="./spec/scenarios/equipo_post_spec.rb" time="0.000225"></testcase>
<testcase classname="spec.scenarios.session_post_spec" name="POST /session login com sucesso validar status code" file="./spec/scenarios/session_post_spec.rb" time="0.000168"></testcase>
<testcase classname="spec.scenarios.session_post_spec" name="POST /session login com sucesso validar id do usuario" file="./spec/scenarios/session_post_spec.rb" time="0.000156"></testcase>
<testcase classname="spec.scenarios.session_post_spec" name="POST /session Wrong Password validar status code 401" file="./spec/scenarios/session_post_spec.rb" time="0.000125"></testcase>
<testcase classname="spec.scenarios.session_post_spec" name="POST /session Wrong Password validar error Unauthorized" file="./spec/scenarios/session_post_spec.rb" time="0.000094"></testcase>
<testcase classname="spec.scenarios.session_post_spec" name="POST /session Wrong Email validar status code 401" file="./spec/scenarios/session_post_spec.rb" time="0.000113"></testcase>
<testcase classname="spec.scenarios.session_post_spec" name="POST /session Wrong Email validar error Unauthorized" file="./spec/scenarios/session_post_spec.rb" time="0.000159"></testcase>
<testcase classname="spec.scenarios.session_post_spec" name="POST /session Blank Email input validar status code 412" file="./spec/scenarios/session_post_spec.rb" time="0.000114"></testcase>
<testcase classname="spec.scenarios.session_post_spec" name="POST /session Blank Email input validar error required email" file="./spec/scenarios/session_post_spec.rb" time="0.000164"></testcase>
<testcase classname="spec.scenarios.session_post_spec" name="POST /session Undefined Email validar status code 412" file="./spec/scenarios/session_post_spec.rb" time="0.000123"></testcase>
<testcase classname="spec.scenarios.session_post_spec" name="POST /session Undefined Email validar error required email" file="./spec/scenarios/session_post_spec.rb" time="0.000119"></testcase>
<testcase classname="spec.scenarios.session_post_spec" name="POST /session Blank Password input validar status code 412" file="./spec/scenarios/session_post_spec.rb" time="0.000113"></testcase>
<testcase classname="spec.scenarios.session_post_spec" name="POST /session Blank Password input validar error required password" file="./spec/scenarios/session_post_spec.rb" time="0.000104"></testcase>
<testcase classname="spec.scenarios.session_post_spec" name="POST /session Undefined Password validar status code 412" file="./spec/scenarios/session_post_spec.rb" time="0.000119"></testcase>
<testcase classname="spec.scenarios.session_post_spec" name="POST /session Undefined Password validar error required password" file="./spec/scenarios/session_post_spec.rb" time="0.000140"></testcase>
<testcase classname="spec.scenarios.signup_post_spec" name="POST /signup New User validar status code" file="./spec/scenarios/signup_post_spec.rb" time="0.000109"></testcase>
<testcase classname="spec.scenarios.signup_post_spec" name="POST /signup New User validar id do usuario" file="./spec/scenarios/signup_post_spec.rb" time="0.000163"></testcase>
<testcase classname="spec.scenarios.signup_post_spec" name="POST /signup User already exists validar status code" file="./spec/scenarios/signup_post_spec.rb" time="0.000273"></testcase>
<testcase classname="spec.scenarios.signup_post_spec" name="POST /signup User already exists must return error message" file="./spec/scenarios/signup_post_spec.rb" time="0.000270"></testcase>
<testcase classname="spec.scenarios.signup_post_spec" name="POST /signup Blank Name input validar status code 412" file="./spec/scenarios/signup_post_spec.rb" time="0.000107"></testcase>
<testcase classname="spec.scenarios.signup_post_spec" name="POST /signup Blank Name input must return error message: required name" file="./spec/scenarios/signup_post_spec.rb" time="0.000100"></testcase>
<testcase classname="spec.scenarios.signup_post_spec" name="POST /signup Undifined Name input validar status code 412" file="./spec/scenarios/signup_post_spec.rb" time="0.000104"></testcase>
<testcase classname="spec.scenarios.signup_post_spec" name="POST /signup Undifined Name input must return error message: required name" file="./spec/scenarios/signup_post_spec.rb" time="0.000131"></testcase>
<testcase classname="spec.scenarios.signup_post_spec" name="POST /signup Blank Email input validar status code 412" file="./spec/scenarios/signup_post_spec.rb" time="0.000105"></testcase>
<testcase classname="spec.scenarios.signup_post_spec" name="POST /signup Blank Email input must return error message: required email" file="./spec/scenarios/signup_post_spec.rb" time="0.000150"></testcase>
<testcase classname="spec.scenarios.signup_post_spec" name="POST /signup Undefined Email input validar status code 412" file="./spec/scenarios/signup_post_spec.rb" time="0.000116"></testcase>
<testcase classname="spec.scenarios.signup_post_spec" name="POST /signup Undefined Email input must return error message: required email" file="./spec/scenarios/signup_post_spec.rb" time="0.000104"></testcase>
<testcase classname="spec.scenarios.signup_post_spec" name="POST /signup Wrong Email input validar status code 412" file="./spec/scenarios/signup_post_spec.rb" time="0.000108"></testcase>
<testcase classname="spec.scenarios.signup_post_spec" name="POST /signup Wrong Email input must return error message: wrong email" file="./spec/scenarios/signup_post_spec.rb" time="0.000097"></testcase>
<testcase classname="spec.scenarios.signup_post_spec" name="POST /signup Blank Password input validar status code 412" file="./spec/scenarios/signup_post_spec.rb" time="0.000118"></testcase>
<testcase classname="spec.scenarios.signup_post_spec" name="POST /signup Blank Password input must return error message: required password" file="./spec/scenarios/signup_post_spec.rb" time="0.000104"></testcase>
<testcase classname="spec.scenarios.signup_post_spec" name="POST /signup Undefined Password input validar status code 412" file="./spec/scenarios/signup_post_spec.rb" time="0.000104"></testcase>
<testcase classname="spec.scenarios.signup_post_spec" name="POST /signup Undefined Password input must return error message: required password" file="./spec/scenarios/signup_post_spec.rb" time="0.000128"></testcase>
</testsuite>
