<?xml version="1.0" encoding="UTF-8"?>
<testsuite name="rspec" tests="42" skipped="0" failures="0" errors="0" time="1.614430" timestamp="2021-02-25T20:56:04-03:00" hostname="DESKTOP-ATNO93A">
<properties>
<property name="seed" value="2403"/>
</properties>
<testcase classname="spec.scenarios.booking_post_spec" name="POST /equipos/{equipo_id}/bookings solicitar locacao deve retornar 200" file="./spec/scenarios/booking_post_spec.rb" time="0.005968"></testcase>
<testcase classname="spec.scenarios.equipo_delete_spec" name="DELETE /equipos/{equipo_id} obter unico equipo deve retornar 204" file="./spec/scenarios/equipo_delete_spec.rb" time="0.000114"></testcase>
<testcase classname="spec.scenarios.equipo_delete_spec" name="DELETE /equipos/{equipo_id} equipo nao existe deve retornar 204" file="./spec/scenarios/equipo_delete_spec.rb" time="0.000129"></testcase>
<testcase classname="spec.scenarios.equipo_get_spec" name="GET /equipos/{equipo_id} obter unico equipo deve retornar 200" file="./spec/scenarios/equipo_get_spec.rb" time="0.000115"></testcase>
<testcase classname="spec.scenarios.equipo_get_spec" name="GET /equipos/{equipo_id} obter unico equipo deve retornar o nome" file="./spec/scenarios/equipo_get_spec.rb" time="0.016687"></testcase>
<testcase classname="spec.scenarios.equipo_get_spec" name="GET /equipos/{equipo_id} equipo nao existe deve retornar 404" file="./spec/scenarios/equipo_get_spec.rb" time="0.000146"></testcase>
<testcase classname="spec.scenarios.equipo_get_spec" name="GET /equipos obter uma lista deve retornar 200" file="./spec/scenarios/equipo_get_spec.rb" time="0.000109"></testcase>
<testcase classname="spec.scenarios.equipo_get_spec" name="GET /equipos obter uma lista deve retornar uma lista de equipos" file="./spec/scenarios/equipo_get_spec.rb" time="0.016275"></testcase>
<testcase classname="spec.scenarios.equipo_post_spec" name="POST /equipos novo equipo deve retornar 200" file="./spec/scenarios/equipo_post_spec.rb" time="0.000113"></testcase>
<testcase classname="spec.scenarios.equipo_post_spec" name="POST /equipos nao autorizado deve retornar 401" file="./spec/scenarios/equipo_post_spec.rb" time="0.000107"></testcase>
<testcase classname="spec.scenarios.session_post_spec" name="POST /session login com sucesso validar status code" file="./spec/scenarios/session_post_spec.rb" time="0.000131"></testcase>
<testcase classname="spec.scenarios.session_post_spec" name="POST /session login com sucesso validar id do usuario" file="./spec/scenarios/session_post_spec.rb" time="0.000194"></testcase>
<testcase classname="spec.scenarios.session_post_spec" name="POST /session Wrong Password validar status code 401" file="./spec/scenarios/session_post_spec.rb" time="0.000110"></testcase>
<testcase classname="spec.scenarios.session_post_spec" name="POST /session Wrong Password validar error Unauthorized" file="./spec/scenarios/session_post_spec.rb" time="0.000167"></testcase>
<testcase classname="spec.scenarios.session_post_spec" name="POST /session Wrong Email validar status code 401" file="./spec/scenarios/session_post_spec.rb" time="0.000115"></testcase>
<testcase classname="spec.scenarios.session_post_spec" name="POST /session Wrong Email validar error Unauthorized" file="./spec/scenarios/session_post_spec.rb" time="0.000166"></testcase>
<testcase classname="spec.scenarios.session_post_spec" name="POST /session Blank Email input validar status code 412" file="./spec/scenarios/session_post_spec.rb" time="0.000153"></testcase>
<testcase classname="spec.scenarios.session_post_spec" name="POST /session Blank Email input validar error required email" file="./spec/scenarios/session_post_spec.rb" time="0.000171"></testcase>
<testcase classname="spec.scenarios.session_post_spec" name="POST /session Undefined Email validar status code 412" file="./spec/scenarios/session_post_spec.rb" time="0.000117"></testcase>
<testcase classname="spec.scenarios.session_post_spec" name="POST /session Undefined Email validar error required email" file="./spec/scenarios/session_post_spec.rb" time="0.000175"></testcase>
<testcase classname="spec.scenarios.session_post_spec" name="POST /session Blank Password input validar status code 412" file="./spec/scenarios/session_post_spec.rb" time="0.000114"></testcase>
<testcase classname="spec.scenarios.session_post_spec" name="POST /session Blank Password input validar error required password" file="./spec/scenarios/session_post_spec.rb" time="0.000169"></testcase>
<testcase classname="spec.scenarios.session_post_spec" name="POST /session Undefined Password validar status code 412" file="./spec/scenarios/session_post_spec.rb" time="0.000114"></testcase>
<testcase classname="spec.scenarios.session_post_spec" name="POST /session Undefined Password validar error required password" file="./spec/scenarios/session_post_spec.rb" time="0.000134"></testcase>
<testcase classname="spec.scenarios.signup_post_spec" name="POST /signup New User validar status code" file="./spec/scenarios/signup_post_spec.rb" time="0.000138"></testcase>
<testcase classname="spec.scenarios.signup_post_spec" name="POST /signup New User validar id do usuario" file="./spec/scenarios/signup_post_spec.rb" time="0.000232"></testcase>
<testcase classname="spec.scenarios.signup_post_spec" name="POST /signup User already exists validar status code" file="./spec/scenarios/signup_post_spec.rb" time="0.000140"></testcase>
<testcase classname="spec.scenarios.signup_post_spec" name="POST /signup User already exists must return error message" file="./spec/scenarios/signup_post_spec.rb" time="0.000178"></testcase>
<testcase classname="spec.scenarios.signup_post_spec" name="POST /signup Blank Name input validar status code 412" file="./spec/scenarios/signup_post_spec.rb" time="0.000193"></testcase>
<testcase classname="spec.scenarios.signup_post_spec" name="POST /signup Blank Name input must return error message: required name" file="./spec/scenarios/signup_post_spec.rb" time="0.000213"></testcase>
<testcase classname="spec.scenarios.signup_post_spec" name="POST /signup Undifined Name input validar status code 412" file="./spec/scenarios/signup_post_spec.rb" time="0.000156"></testcase>
<testcase classname="spec.scenarios.signup_post_spec" name="POST /signup Undifined Name input must return error message: required name" file="./spec/scenarios/signup_post_spec.rb" time="0.000200"></testcase>
<testcase classname="spec.scenarios.signup_post_spec" name="POST /signup Blank Email input validar status code 412" file="./spec/scenarios/signup_post_spec.rb" time="0.000111"></testcase>
<testcase classname="spec.scenarios.signup_post_spec" name="POST /signup Blank Email input must return error message: required email" file="./spec/scenarios/signup_post_spec.rb" time="0.000176"></testcase>
<testcase classname="spec.scenarios.signup_post_spec" name="POST /signup Undefined Email input validar status code 412" file="./spec/scenarios/signup_post_spec.rb" time="0.000224"></testcase>
<testcase classname="spec.scenarios.signup_post_spec" name="POST /signup Undefined Email input must return error message: required email" file="./spec/scenarios/signup_post_spec.rb" time="0.000271"></testcase>
<testcase classname="spec.scenarios.signup_post_spec" name="POST /signup Wrong Email input validar status code 412" file="./spec/scenarios/signup_post_spec.rb" time="0.000207"></testcase>
<testcase classname="spec.scenarios.signup_post_spec" name="POST /signup Wrong Email input must return error message: wrong email" file="./spec/scenarios/signup_post_spec.rb" time="0.000160"></testcase>
<testcase classname="spec.scenarios.signup_post_spec" name="POST /signup Blank Password input validar status code 412" file="./spec/scenarios/signup_post_spec.rb" time="0.000120"></testcase>
<testcase classname="spec.scenarios.signup_post_spec" name="POST /signup Blank Password input must return error message: required password" file="./spec/scenarios/signup_post_spec.rb" time="0.000186"></testcase>
<testcase classname="spec.scenarios.signup_post_spec" name="POST /signup Undefined Password input validar status code 412" file="./spec/scenarios/signup_post_spec.rb" time="0.000119"></testcase>
<testcase classname="spec.scenarios.signup_post_spec" name="POST /signup Undefined Password input must return error message: required password" file="./spec/scenarios/signup_post_spec.rb" time="0.000207"></testcase>
</testsuite>
